<?xml version="1.0" encoding="UTF-8"?>
<testng-results ignored="0" total="3" passed="3" failed="0" skipped="0">
  <reporter-output>
  </reporter-output>
  <suite started-at="2021-07-07T06:49:33Z" name="Default suite" finished-at="2021-07-07T06:49:34Z" duration-ms="892">
    <groups>
    </groups>
    <test started-at="2021-07-07T06:49:33Z" name="Default test" finished-at="2021-07-07T06:49:34Z" duration-ms="892">
      <class name="excelDataDriven.DataManagmentWithHashTableFinal">
        <test-method signature="f(java.util.Hashtable)[pri:0, instance:excelDataDriven.DataManagmentWithHashTableFinal@398dada8]" started-at="2021-07-07T06:49:34Z" name="f" data-provider="getData" finished-at="2021-07-07T06:49:34Z" duration-ms="17" status="PASS">
          <params>
            <param index="0">
              <value>
                <![CDATA[{RunMode=N, Pasword=P1, UserName=U1, Browser=ie}]]>
              </value>
            </param>
          </params>
          <reporter-output>
          </reporter-output>
        </test-method> <!-- f -->
        <test-method signature="f(java.util.Hashtable)[pri:0, instance:excelDataDriven.DataManagmentWithHashTableFinal@398dada8]" started-at="2021-07-07T06:49:34Z" name="f" data-provider="getData" finished-at="2021-07-07T06:49:34Z" duration-ms="3" status="PASS">
          <params>
            <param index="0">
              <value>
                <![CDATA[{RunMode=Y, Pasword=P2, UserName=U2, Browser=chrome}]]>
              </value>
            </param>
          </params>
          <reporter-output>
          </reporter-output>
        </test-method> <!-- f -->
        <test-method signature="f(java.util.Hashtable)[pri:0, instance:excelDataDriven.DataManagmentWithHashTableFinal@398dada8]" started-at="2021-07-07T06:49:34Z" name="f" data-provider="getData" finished-at="2021-07-07T06:49:34Z" duration-ms="2" status="PASS">
          <params>
            <param index="0">
              <value>
                <![CDATA[{RunMode=N, Pasword=P3, UserName=U3, Browser=ff}]]>
              </value>
            </param>
          </params>
          <reporter-output>
          </reporter-output>
        </test-method> <!-- f -->
      </class> <!-- excelDataDriven.DataManagmentWithHashTableFinal -->
    </test> <!-- Default test -->
  </suite> <!-- Default suite -->
</testng-results>
