<?xml version="1.0" encoding="UTF-8"?>
<!-- Generated by org.testng.reporters.JUnitXMLReporter -->
<testsuite ignored="0" hostname="DESKTOP-A0B3UJ2" failures="0" tests="3" name="Default test" time="0.892" errors="0" timestamp="07 Jul 2021 06:49:34 GMT">
  <testcase classname="excelDataDriven.DataManagmentWithHashTableFinal" name="f" time="0.017"/>
  <testcase classname="excelDataDriven.DataManagmentWithHashTableFinal" name="f" time="0.003"/>
  <testcase classname="excelDataDriven.DataManagmentWithHashTableFinal" name="f" time="0.002"/>
</testsuite> <!-- Default test -->
