<?xml version="1.0" encoding="UTF-8"?>
<!-- Generated by org.testng.reporters.JUnitXMLReporter -->
<testsuite ignored="0" hostname="DESKTOP-A0B3UJ2" failures="0" tests="2" name="chromeExecution" time="44.625" errors="0" timestamp="2021-06-10T18:13:02 IST">
  <testcase classname="SampleMavenProject.SeleniumMavenProject.TNG_002" name="@BeforeMethod beforeMethod" time="0.009">
    <failure type="java.io.FileNotFoundException" message="C:\Users\kchar\git\Selenium\SeleniumMavenProject\null.properties (The system cannot find the file specified)">
      <![CDATA[java.io.FileNotFoundException: C:\Users\kchar\git\Selenium\SeleniumMavenProject\null.properties (The system cannot find the file specified)
at java.base/java.io.FileInputStream.open0(Native Method)
at java.base/java.io.FileInputStream.open(FileInputStream.java:211)
at java.base/java.io.FileInputStream.<init>(FileInputStream.java:153)
at java.base/java.io.FileInputStream.<init>(FileInputStream.java:108)
at SampleMavenProject.SeleniumMavenProject.BaseTest.init(BaseTest.java:51)
at SampleMavenProject.SeleniumMavenProject.TNG_002.beforeMethod(TNG_002.java:25)
at java.base/java.util.ArrayList.forEach(ArrayList.java:1511)
at java.base/java.util.concurrent.FutureTask.run(FutureTask.java:264)
at java.base/java.util.concurrent.ThreadPoolExecutor.runWorker(ThreadPoolExecutor.java:1130)
at java.base/java.util.concurrent.ThreadPoolExecutor$Worker.run(ThreadPoolExecutor.java:630)
at java.base/java.lang.Thread.run(Thread.java:832)
... Removed 22 stack frames]]>
    </failure>
  </testcase> <!-- @BeforeMethod beforeMethod -->
  <testcase classname="SampleMavenProject.SeleniumMavenProject.TNG_002" name="@AfterMethod afterMethod" time="-1.623328938399E9">
    <skipped/>
  </testcase> <!-- @AfterMethod afterMethod -->
  <testcase classname="SampleMavenProject.SeleniumMavenProject.TNG_002" name="amazonlog4j" time="4.371"/>
  <testcase classname="SampleMavenProject.SeleniumMavenProject.TNG_001" name="amazon" time="4.788"/>
</testsuite> <!-- chromeExecution -->
