<?xml version="1.0" encoding="UTF-8"?>
<!-- Generated by org.testng.reporters.JUnitXMLReporter -->
<testsuite ignored="0" hostname="DESKTOP-A0B3UJ2" failures="0" tests="3" name="TestMethodParallelExecution" time="0.074" errors="0" timestamp="2021-06-10T18:07:30 IST">
  <testcase classname="testPackage1.TestMethodParallel" name="m1" time="0.013"/>
  <testcase classname="testPackage1.TestMethodParallel" name="m2" time="0.013"/>
  <testcase classname="testPackage1.TestMethodParallel" name="m3" time="0.002"/>
</testsuite> <!-- TestMethodParallelExecution -->
