<?xml version="1.0" encoding="UTF-8"?>
<!-- Generated by org.testng.reporters.JUnitXMLReporter -->
<testsuite ignored="0" hostname="DESKTOP-A0B3UJ2" failures="0" tests="3" name="TestMethodParallelExecution" time="0.101" errors="0" timestamp="12 Jun 2021 13:15:45 GMT">
  <testcase classname="testPackage1.TestMethodParallel" name="m1" time="0.007"/>
  <testcase classname="testPackage1.TestMethodParallel" name="m2" time="0.009"/>
  <testcase classname="testPackage1.TestMethodParallel" name="m3" time="0.007"/>
</testsuite> <!-- TestMethodParallelExecution -->
